Illegal modifier for the local class ClickShapes; only abstract or final is permitted
expecting "class", found 'ClickShapes'
expecting "class", found 'ClickShapes'
unexpected token: int
unexpected token: int
unexpected token: int
unexpected token: int
unexpected token: int
unexpected token: int
unexpected token: int
expecting "class", found 'ClickShapes'
unexpected token: ClickShapes
unexpected token: ClickShapes
unexpected token: ClickShapes
unexpected token: ClickShapes
unexpected token: ClickShapes
Illegal modifier for the local class ClickShapes; only abstract or final is permitted
Illegal modifier for the local class ClickShapes; only abstract or final is permitted
Illegal modifier for the local class ClickShapes; only abstract or final is permitted
Illegal modifier for the local class ClickShapes; only abstract or final is permitted
Illegal modifier for the local class ClickShapes; only abstract or final is permitted
Illegal modifier for the local class ClickShapes; only abstract or final is permitted
Illegal modifier for the local class ClickShapes; only abstract or final is permitted
Illegal modifier for the local class ClickShapes; only abstract or final is permitted
Illegal modifier for the local class ClickShapes; only abstract or final is permitted
The type MouseEvent is ambiguous
The type MouseEvent is ambiguous
The type MouseEvent is ambiguous
unexpected token: processing
unexpected token: processing
unexpected token: processing
unexpected token: processing
unexpected token: processing
unexpected token: processing
unexpected token: processing
